This file contains any messages produced by compilers while
running configure, to aid debugging if configure makes a mistake.

It was created by flumotion configure 0.5.4, which was
generated by GNU Autoconf 2.63.  Invocation command line was

  $ ./configure 

## --------- ##
## Platform. ##
## --------- ##

hostname = kristof-laptopwork
uname -m = i686
uname -r = 2.6.28-11-generic
uname -s = Linux
uname -v = #42-Ubuntu SMP Fri Apr 17 01:57:59 UTC 2009

/usr/bin/uname -p = unknown
/bin/uname -X     = unknown

/bin/arch              = unknown
/usr/bin/arch -k       = unknown
/usr/convex/getsysinfo = unknown
/usr/bin/hostinfo      = unknown
/bin/machine           = unknown
/usr/bin/oslevel       = unknown
/bin/universe          = unknown

PATH: /usr/local/sbin
PATH: /usr/local/bin
PATH: /usr/sbin
PATH: /usr/bin
PATH: /sbin
PATH: /bin
PATH: /usr/games
PATH: /home/kristof/ec2-api-tools-1.3-34128/bin


## ----------- ##
## Core tests. ##
## ----------- ##

configure:2165: checking for a BSD-compatible install
configure:2233: result: /usr/bin/install -c
configure:2244: checking whether build environment is sane
configure:2287: result: yes
configure:2312: checking for a thread-safe mkdir -p
configure:2351: result: /bin/mkdir -p
configure:2364: checking for gawk
configure:2380: found /usr/bin/gawk
configure:2391: result: gawk
configure:2402: checking whether make sets $(MAKE)
configure:2424: result: yes
configure:2618: configuring flumotion for release
configure:2696: checking for msgfmt
configure:2724: result: /usr/bin/msgfmt
configure:2733: checking for gmsgfmt
configure:2764: result: /usr/bin/msgfmt
configure:2775: checking for xgettext
configure:2803: result: /usr/bin/xgettext
configure:2814: checking for msgmerge
configure:2841: result: /usr/bin/msgmerge
configure:2904: checking for style of include used by make
configure:2932: result: GNU
configure:3002: checking for gcc
configure:3018: found /usr/bin/gcc
configure:3029: result: gcc
configure:3261: checking for C compiler version
configure:3269: gcc --version >&5
gcc (Ubuntu 4.3.3-5ubuntu4) 4.3.3
Copyright (C) 2008 Free Software Foundation, Inc.
This is free software; see the source for copying conditions.  There is NO
warranty; not even for MERCHANTABILITY or FITNESS FOR A PARTICULAR PURPOSE.

configure:3273: $? = 0
configure:3280: gcc -v >&5
Using built-in specs.
Target: i486-linux-gnu
Configured with: ../src/configure -v --with-pkgversion='Ubuntu 4.3.3-5ubuntu4' --with-bugurl=file:///usr/share/doc/gcc-4.3/README.Bugs --enable-languages=c,c++,fortran,objc,obj-c++ --prefix=/usr --enable-shared --with-system-zlib --libexecdir=/usr/lib --without-included-gettext --enable-threads=posix --enable-nls --with-gxx-include-dir=/usr/include/c++/4.3 --program-suffix=-4.3 --enable-clocale=gnu --enable-libstdcxx-debug --enable-objc-gc --enable-mpfr --enable-targets=all --with-tune=generic --enable-checking=release --build=i486-linux-gnu --host=i486-linux-gnu --target=i486-linux-gnu
Thread model: posix
gcc version 4.3.3 (Ubuntu 4.3.3-5ubuntu4) 
configure:3284: $? = 0
configure:3291: gcc -V >&5
gcc: '-V' option must have argument
configure:3295: $? = 1
configure:3318: checking for C compiler default output file name
configure:3340: gcc    conftest.c  >&5
configure:3344: $? = 0
configure:3382: result: a.out
configure:3401: checking whether the C compiler works
configure:3411: ./a.out
configure:3415: $? = 0
configure:3434: result: yes
configure:3441: checking whether we are cross compiling
configure:3443: result: no
configure:3446: checking for suffix of executables
configure:3453: gcc -o conftest    conftest.c  >&5
configure:3457: $? = 0
configure:3483: result: 
configure:3489: checking for suffix of object files
configure:3515: gcc -c   conftest.c >&5
configure:3519: $? = 0
configure:3544: result: o
configure:3548: checking whether we are using the GNU C compiler
configure:3577: gcc -c   conftest.c >&5
configure:3584: $? = 0
configure:3601: result: yes
configure:3610: checking whether gcc accepts -g
configure:3640: gcc -c -g  conftest.c >&5
configure:3647: $? = 0
configure:3748: result: yes
configure:3765: checking for gcc option to accept ISO C89
configure:3839: gcc  -c -g -O2  conftest.c >&5
configure:3846: $? = 0
configure:3869: result: none needed
configure:3889: checking dependency style of gcc
configure:3980: result: gcc3
configure:4001: checking build system type
configure:4019: result: i686-pc-linux-gnu
configure:4041: checking host system type
configure:4056: result: i686-pc-linux-gnu
configure:4089: checking for ld used by GCC
configure:4152: result: /usr/bin/ld
configure:4161: checking if the linker (/usr/bin/ld) is GNU ld
GNU ld (GNU Binutils for Ubuntu) 2.19.1
configure:4173: result: yes
configure:4179: checking for shared library run path origin
configure:4192: result: done
configure:4610: checking whether NLS is requested
configure:4619: result: yes
configure:4636: checking for GNU gettext in libc
configure:4665: gcc -o conftest -g -O2   conftest.c  >&5
configure:4672: $? = 0
configure:4692: result: yes
configure:5470: checking for intltool >= 0.34.2
configure:5477: result: 0.37.0 found
configure:5533: checking for perl
configure:5551: found /usr/bin/perl
configure:5563: result: /usr/bin/perl
configure:5582: checking for XML::Parser
configure:5585: result: ok
configure:5596: checking for iconv
configure:5614: found /usr/bin/iconv
configure:5627: result: /usr/bin/iconv
configure:5637: checking for msgfmt
configure:5655: found /usr/bin/msgfmt
configure:5668: result: /usr/bin/msgfmt
configure:5678: checking for msgmerge
configure:5696: found /usr/bin/msgmerge
configure:5709: result: /usr/bin/msgmerge
configure:5719: checking for xgettext
configure:5737: found /usr/bin/xgettext
configure:5750: result: /usr/bin/xgettext
configure:5795: Storing library files in /usr/local/lib
configure:5826: Storing data files in /usr/local/share
configure:5857: Storing configuration files in /usr/local/etc
configure:5888: Using localstatedir /usr/local/var
configure:5919: Using bindir /usr/local/bin
configure:5950: Using sbindir /usr/local/sbin
configure:6028: checking for a sed that does not truncate output
configure:6084: result: /bin/sed
configure:6087: checking for grep that handles long lines and -e
configure:6147: result: /bin/grep
configure:6152: checking for egrep
configure:6216: result: /bin/grep -E
configure:6232: checking for ld used by gcc
configure:6299: result: /usr/bin/ld
configure:6308: checking if the linker (/usr/bin/ld) is GNU ld
configure:6323: result: yes
configure:6328: checking for /usr/bin/ld option to reload object files
configure:6335: result: -r
configure:6353: checking for BSD-compatible nm
configure:6402: result: /usr/bin/nm -B
configure:6406: checking whether ln -s works
configure:6410: result: yes
configure:6417: checking how to recognize dependent libraries
configure:6603: result: pass_all
configure:6851: checking how to run the C preprocessor
configure:6891: gcc -E  conftest.c
configure:6898: $? = 0
configure:6929: gcc -E  conftest.c
conftest.c:17:28: error: ac_nonexistent.h: No such file or directory
configure:6936: $? = 1
configure: failed program was:
| /* confdefs.h.  */
| #define PACKAGE_NAME "flumotion"
| #define PACKAGE_TARNAME "flumotion"
| #define PACKAGE_VERSION "0.5.4"
| #define PACKAGE_STRING "flumotion 0.5.4"
| #define PACKAGE_BUGREPORT ""
| #define PACKAGE "flumotion"
| #define VERSION "0.5.4"
| #define FLUMOTION "0.5.4"
| #define FLUMOTION_RELEASE "1"
| #define PACKAGE "flumotion"
| #define VERSION "0.5.4"
| #define ENABLE_NLS 1
| #define HAVE_GETTEXT 1
| #define HAVE_DCGETTEXT 1
| /* end confdefs.h.  */
| #include <ac_nonexistent.h>
configure:6969: result: gcc -E
configure:6998: gcc -E  conftest.c
configure:7005: $? = 0
configure:7036: gcc -E  conftest.c
conftest.c:17:28: error: ac_nonexistent.h: No such file or directory
configure:7043: $? = 1
configure: failed program was:
| /* confdefs.h.  */
| #define PACKAGE_NAME "flumotion"
| #define PACKAGE_TARNAME "flumotion"
| #define PACKAGE_VERSION "0.5.4"
| #define PACKAGE_STRING "flumotion 0.5.4"
| #define PACKAGE_BUGREPORT ""
| #define PACKAGE "flumotion"
| #define VERSION "0.5.4"
| #define FLUMOTION "0.5.4"
| #define FLUMOTION_RELEASE "1"
| #define PACKAGE "flumotion"
| #define VERSION "0.5.4"
| #define ENABLE_NLS 1
| #define HAVE_GETTEXT 1
| #define HAVE_DCGETTEXT 1
| /* end confdefs.h.  */
| #include <ac_nonexistent.h>
configure:7083: checking for ANSI C header files
configure:7113: gcc -c -g -O2  conftest.c >&5
configure:7120: $? = 0
configure:7219: gcc -o conftest -g -O2   conftest.c  >&5
configure:7223: $? = 0
configure:7229: ./conftest
configure:7233: $? = 0
configure:7251: result: yes
configure:7275: checking for sys/types.h
configure:7296: gcc -c -g -O2  conftest.c >&5
configure:7303: $? = 0
configure:7320: result: yes
configure:7275: checking for sys/stat.h
configure:7296: gcc -c -g -O2  conftest.c >&5
configure:7303: $? = 0
configure:7320: result: yes
configure:7275: checking for stdlib.h
configure:7296: gcc -c -g -O2  conftest.c >&5
configure:7303: $? = 0
configure:7320: result: yes
configure:7275: checking for string.h
configure:7296: gcc -c -g -O2  conftest.c >&5
configure:7303: $? = 0
configure:7320: result: yes
configure:7275: checking for memory.h
configure:7296: gcc -c -g -O2  conftest.c >&5
configure:7303: $? = 0
configure:7320: result: yes
configure:7275: checking for strings.h
configure:7296: gcc -c -g -O2  conftest.c >&5
configure:7303: $? = 0
configure:7320: result: yes
configure:7275: checking for inttypes.h
configure:7296: gcc -c -g -O2  conftest.c >&5
configure:7303: $? = 0
configure:7320: result: yes
configure:7275: checking for stdint.h
configure:7296: gcc -c -g -O2  conftest.c >&5
configure:7303: $? = 0
configure:7320: result: yes
configure:7275: checking for unistd.h
configure:7296: gcc -c -g -O2  conftest.c >&5
configure:7303: $? = 0
configure:7320: result: yes
configure:7350: checking dlfcn.h usability
configure:7367: gcc -c -g -O2  conftest.c >&5
configure:7374: $? = 0
configure:7388: result: yes
configure:7392: checking dlfcn.h presence
configure:7407: gcc -E  conftest.c
configure:7414: $? = 0
configure:7428: result: yes
configure:7456: checking for dlfcn.h
configure:7465: result: yes
configure:7483: checking the maximum length of command line arguments
configure:7595: result: 1572864
configure:7607: checking command to parse /usr/bin/nm -B output from gcc object
configure:7712: gcc -c -g -O2  conftest.c >&5
configure:7715: $? = 0
configure:7719: /usr/bin/nm -B conftest.o \| sed -n -e 's/^.*[ 	]\([ABCDGIRSTW][ABCDGIRSTW]*\)[ 	][ 	]*\([_A-Za-z][_A-Za-z0-9]*\)$/\1 \2 \2/p' \> conftest.nm
configure:7722: $? = 0
configure:7774: gcc -o conftest -g -O2   conftest.c conftstm.o >&5
configure:7777: $? = 0
configure:7815: result: ok
configure:7819: checking for objdir
configure:7834: result: .libs
configure:7926: checking for ar
configure:7942: found /usr/bin/ar
configure:7953: result: ar
configure:8018: checking for ranlib
configure:8034: found /usr/bin/ranlib
configure:8045: result: ranlib
configure:8110: checking for strip
configure:8126: found /usr/bin/strip
configure:8137: result: strip
configure:8727: checking if gcc supports -fno-rtti -fno-exceptions
configure:8745: gcc -c -g -O2  -fno-rtti -fno-exceptions conftest.c >&5
cc1: warning: command line option "-fno-rtti" is valid for C++/ObjC++ but not for C
configure:8749: $? = 0
configure:8762: result: no
configure:8777: checking for gcc option to produce PIC
configure:9009: result: -fPIC
configure:9017: checking if gcc PIC flag -fPIC works
configure:9035: gcc -c -g -O2  -fPIC -DPIC conftest.c >&5
configure:9039: $? = 0
configure:9052: result: yes
configure:9080: checking if gcc static flag -static works
configure:9108: result: yes
configure:9118: checking if gcc supports -c -o file.o
configure:9139: gcc -c -g -O2  -o out/conftest2.o conftest.c >&5
configure:9143: $? = 0
configure:9165: result: yes
configure:9191: checking whether the gcc linker (/usr/bin/ld) supports shared libraries
configure:10180: result: yes
configure:10201: checking whether -lc should be explicitly linked in
configure:10206: gcc -c -g -O2  conftest.c >&5
configure:10209: $? = 0
configure:10224: gcc -shared conftest.o  -v -Wl,-soname -Wl,conftest -o conftest 2\>\&1 \| grep  -lc  \>/dev/null 2\>\&1
configure:10227: $? = 0
configure:10239: result: no
configure:10247: checking dynamic linker characteristics
configure:10861: result: GNU/Linux ld.so
configure:10885: checking how to hardcode library paths into programs
configure:10910: result: immediate
configure:10924: checking whether stripping libraries is possible
configure:10929: result: yes
configure:11759: checking if libtool supports shared libraries
configure:11761: result: yes
configure:11764: checking whether to build shared libraries
configure:11785: result: yes
configure:11788: checking whether to build static libraries
configure:11792: result: no
configure:11886: creating libtool
configure:12334: Looking for Python version >= 2.3
configure:12350: checking for python
configure:12368: found /usr/bin/python
configure:12380: result: /usr/bin/python
configure:12392: checking "/usr/bin/python":
configure:12394: result: okay
configure:12410: checking local Python configuration
configure:12446: result: looks good
configure:12513: checking for python version
configure:12520: result: 2.5
configure:12532: checking for python platform
configure:12539: result: linux2
configure:12546: checking for python script directory
configure:12554: result: ${prefix}/lib/python2.5/site-packages
configure:12563: checking for python extension module directory
configure:12571: result: ${exec_prefix}/lib/python2.5/site-packages
configure:12586: checking for headers required to compile python extensions
configure:12613: gcc -E  -I/usr/include/python2.5 conftest.c
configure:12620: $? = 0
configure:12625: result: found
configure:12651: checking for python module pygtk
configure:12675: result: found
configure:12687: checking for python module pygst
configure:12711: result: found
configure:12723: checking for python module kiwi
configure:12747: result: found
configure:12809: checking for pkg-config
configure:12827: found /usr/bin/pkg-config
configure:12839: result: /usr/bin/pkg-config
configure:12864: checking pkg-config is at least version 0.9.0
configure:12867: result: yes
configure:12878: checking for GTK
configure:12886: $PKG_CONFIG --exists --print-errors "gtk+-2.0"
configure:12889: $? = 0
configure:12904: $PKG_CONFIG --exists --print-errors "gtk+-2.0"
configure:12907: $? = 0
configure:12943: result: yes
configure:12965: Building tray icon
configure:12970: checking for PYGTK
configure:12978: $PKG_CONFIG --exists --print-errors "pygtk-2.0"
configure:12981: $? = 0
configure:12996: $PKG_CONFIG --exists --print-errors "pygtk-2.0"
configure:12999: $? = 0
configure:13077: result: yes
configure:13081: checking for pygtk codegen
configure:13085: result: /usr/bin/python /usr/share/pygobject/2.0/codegen/codegen.py
configure:13088: checking for pygtk defsdir
configure:13092: result: /usr/share/pygtk/2.0/defs
configure:13108: checking for Xvfb
configure:13136: result: no
configure:13156: checking for epydoc
configure:13184: result: no
configure:13221: checking for pychecker
configure:13249: result: no
configure:13268: checking for python module twisted
configure:13292: result: found
configure:13295: checking for Twisted >= 2.0.1
configure:13307: result: found
configure:13329: checking for python module twisted.names
configure:13353: result: found
configure:13376: checking for python module twisted.web
configure:13400: result: found
configure:13648: creating ./config.status

## ---------------------- ##
## Running config.status. ##
## ---------------------- ##

This file was extended by flumotion config.status 0.5.4, which was
generated by GNU Autoconf 2.63.  Invocation command line was

  CONFIG_FILES    = 
  CONFIG_HEADERS  = 
  CONFIG_LINKS    = 
  CONFIG_COMMANDS = 
  $ ./config.status 

on kristof-laptopwork

config.status:961: creating env
config.status:961: creating bin/flumotion
config.status:961: creating bin/flumotion-admin
config.status:961: creating bin/flumotion-admin-text
config.status:961: creating bin/flumotion-command
config.status:961: creating bin/flumotion-inspect
config.status:961: creating bin/flumotion-job
config.status:961: creating bin/flumotion-launch
config.status:961: creating bin/flumotion-manager
config.status:961: creating bin/flumotion-nagios
config.status:961: creating bin/flumotion-rrdmon
config.status:961: creating bin/flumotion-tester
config.status:961: creating bin/flumotion-worker
config.status:961: creating bin/runtest
config.status:961: creating misc/flumotion-verify-config
config.status:961: creating Makefile
config.status:961: creating bin/Makefile
config.status:961: creating common/Makefile
config.status:961: creating data/Makefile
config.status:961: creating data/glade/Makefile
config.status:961: creating data/image/Makefile
config.status:961: creating data/image/16x16/Makefile
config.status:961: creating data/image/24x24/Makefile
config.status:961: creating data/image/wizard/Makefile
config.status:961: creating data/flumotion-admin.desktop
config.status:961: creating flumotion/Makefile
config.status:961: creating flumotion/admin/Makefile
config.status:961: creating flumotion/admin/assistant/Makefile
config.status:961: creating flumotion/admin/command/Makefile
config.status:961: creating flumotion/admin/gtk/Makefile
config.status:961: creating flumotion/admin/rrdmon/Makefile
config.status:961: creating flumotion/admin/text/Makefile
config.status:961: creating flumotion/common/Makefile
config.status:961: creating flumotion/component/Makefile
config.status:961: creating flumotion/component/base/Makefile
config.status:961: creating flumotion/component/bouncers/Makefile
config.status:961: creating flumotion/component/effects/Makefile
config.status:961: creating flumotion/component/effects/colorbalance/Makefile
config.status:961: creating flumotion/component/effects/volume/Makefile
config.status:961: creating flumotion/component/encoders/Makefile
config.status:961: creating flumotion/component/combiners/Makefile
config.status:961: creating flumotion/component/combiners/composite/Makefile
config.status:961: creating flumotion/component/combiners/switch/Makefile
config.status:961: creating flumotion/component/consumers/Makefile
config.status:961: creating flumotion/component/consumers/disker/Makefile
config.status:961: creating flumotion/component/consumers/gdp/Makefile
config.status:961: creating flumotion/component/consumers/httpstreamer/Makefile
config.status:961: creating flumotion/component/consumers/preview/Makefile
config.status:961: creating flumotion/component/consumers/shout2/Makefile
config.status:961: creating flumotion/component/converters/Makefile
config.status:961: creating flumotion/component/converters/pipeline/Makefile
config.status:961: creating flumotion/component/converters/overlay/Makefile
config.status:961: creating flumotion/component/misc/Makefile
config.status:961: creating flumotion/component/misc/httpserver/Makefile
config.status:961: creating flumotion/component/misc/porter/Makefile
config.status:961: creating flumotion/component/misc/repeater/Makefile
config.status:961: creating flumotion/component/muxers/Makefile
config.status:961: creating flumotion/component/plugs/Makefile
config.status:961: creating flumotion/component/plugs/cortado/Makefile
config.status:961: creating flumotion/component/plugs/cortado/cortado_location.py
config.status:961: creating flumotion/component/producers/Makefile
config.status:961: creating flumotion/component/producers/audiotest/Makefile
config.status:961: creating flumotion/component/producers/bttv/Makefile
config.status:961: creating flumotion/component/producers/firewire/Makefile
config.status:961: creating flumotion/component/producers/gdp/Makefile
config.status:961: creating flumotion/component/producers/icecast/Makefile
config.status:961: creating flumotion/component/producers/ivtv/Makefile
config.status:961: creating flumotion/component/producers/pipeline/Makefile
config.status:961: creating flumotion/component/producers/playlist/Makefile
config.status:961: creating flumotion/component/producers/rtsp/Makefile
config.status:961: creating flumotion/component/producers/screencast/Makefile
config.status:961: creating flumotion/component/producers/soundcard/Makefile
config.status:961: creating flumotion/component/producers/videotest/Makefile
config.status:961: creating flumotion/component/producers/webcam/Makefile
config.status:961: creating flumotion/component/producers/looper/Makefile
config.status:961: creating flumotion/component/producers/unixdomain/Makefile
config.status:961: creating flumotion/configure/Makefile
config.status:961: creating flumotion/configure/installed.py
config.status:961: creating flumotion/configure/uninstalled.py
config.status:961: creating flumotion/extern/Makefile
config.status:961: creating flumotion/extern/fdpass/Makefile
config.status:961: creating flumotion/extern/pytrayicon/Makefile
config.status:961: creating flumotion/job/Makefile
config.status:961: creating flumotion/launch/Makefile
config.status:961: creating flumotion/manager/Makefile
config.status:961: creating flumotion/monitor/Makefile
config.status:961: creating flumotion/monitor/nagios/Makefile
config.status:961: creating flumotion/project/Makefile
config.status:961: creating flumotion/service/Makefile
config.status:961: creating flumotion/scenario/Makefile
config.status:961: creating flumotion/scenario/live/Makefile
config.status:961: creating flumotion/scenario/ondemand/Makefile
config.status:961: creating flumotion/scenario/steps/Makefile
config.status:961: creating flumotion/test/Makefile
config.status:961: creating flumotion/tester/Makefile
config.status:961: creating flumotion/twisted/Makefile
config.status:961: creating flumotion/ui/Makefile
config.status:961: creating flumotion/worker/Makefile
config.status:961: creating flumotion/worker/checks/Makefile
config.status:961: creating conf/Makefile
config.status:961: creating doc/Makefile
config.status:961: creating doc/reference/Makefile
config.status:961: creating doc/man/Makefile
config.status:961: creating pkgconfig/Makefile
config.status:961: creating pkgconfig/flumotion.pc
config.status:961: creating pkgconfig/flumotion-uninstalled.pc
config.status:961: creating tests/Makefile
config.status:961: creating tests/integration/Makefile
config.status:961: creating flumotion.spec
config.status:961: creating po/Makefile.in
config.status:1177: executing default-1 commands
config.status:1177: executing depfiles commands
config.status:1177: executing intltool commands
config.status:1177: executing po/stamp-it commands

## ---------------- ##
## Cache variables. ##
## ---------------- ##

ac_cv_build=i686-pc-linux-gnu
ac_cv_c_compiler_gnu=yes
ac_cv_env_CC_set=
ac_cv_env_CC_value=
ac_cv_env_CFLAGS_set=
ac_cv_env_CFLAGS_value=
ac_cv_env_CPPFLAGS_set=
ac_cv_env_CPPFLAGS_value=
ac_cv_env_CPP_set=
ac_cv_env_CPP_value=
ac_cv_env_GTK_CFLAGS_set=
ac_cv_env_GTK_CFLAGS_value=
ac_cv_env_GTK_LIBS_set=
ac_cv_env_GTK_LIBS_value=
ac_cv_env_LDFLAGS_set=
ac_cv_env_LDFLAGS_value=
ac_cv_env_LIBS_set=
ac_cv_env_LIBS_value=
ac_cv_env_PKG_CONFIG_set=
ac_cv_env_PKG_CONFIG_value=
ac_cv_env_PYGTK_CFLAGS_set=
ac_cv_env_PYGTK_CFLAGS_value=
ac_cv_env_PYGTK_LIBS_set=
ac_cv_env_PYGTK_LIBS_value=
ac_cv_env_build_alias_set=
ac_cv_env_build_alias_value=
ac_cv_env_host_alias_set=
ac_cv_env_host_alias_value=
ac_cv_env_target_alias_set=
ac_cv_env_target_alias_value=
ac_cv_header_dlfcn_h=yes
ac_cv_header_inttypes_h=yes
ac_cv_header_memory_h=yes
ac_cv_header_stdc=yes
ac_cv_header_stdint_h=yes
ac_cv_header_stdlib_h=yes
ac_cv_header_string_h=yes
ac_cv_header_strings_h=yes
ac_cv_header_sys_stat_h=yes
ac_cv_header_sys_types_h=yes
ac_cv_header_unistd_h=yes
ac_cv_host=i686-pc-linux-gnu
ac_cv_objext=o
ac_cv_path_EGREP='/bin/grep -E'
ac_cv_path_GMSGFMT=/usr/bin/msgfmt
ac_cv_path_GREP=/bin/grep
ac_cv_path_INTLTOOL_ICONV=/usr/bin/iconv
ac_cv_path_INTLTOOL_MSGFMT=/usr/bin/msgfmt
ac_cv_path_INTLTOOL_MSGMERGE=/usr/bin/msgmerge
ac_cv_path_INTLTOOL_PERL=/usr/bin/perl
ac_cv_path_INTLTOOL_XGETTEXT=/usr/bin/xgettext
ac_cv_path_MSGFMT=/usr/bin/msgfmt
ac_cv_path_MSGMERGE=/usr/bin/msgmerge
ac_cv_path_PYTHON=/usr/bin/python
ac_cv_path_XGETTEXT=/usr/bin/xgettext
ac_cv_path_ac_pt_PKG_CONFIG=/usr/bin/pkg-config
ac_cv_path_install='/usr/bin/install -c'
ac_cv_path_mkdir=/bin/mkdir
ac_cv_prog_AWK=gawk
ac_cv_prog_CPP='gcc -E'
ac_cv_prog_EPYDOC=no
ac_cv_prog_PYCHECKER=no
ac_cv_prog_XVFB=no
ac_cv_prog_ac_ct_AR=ar
ac_cv_prog_ac_ct_CC=gcc
ac_cv_prog_ac_ct_RANLIB=ranlib
ac_cv_prog_ac_ct_STRIP=strip
ac_cv_prog_cc_c89=
ac_cv_prog_cc_g=yes
ac_cv_prog_make_make_set=yes
acl_cv_hardcode_direct=no
acl_cv_hardcode_libdir_flag_spec='${wl}-rpath ${wl}$libdir'
acl_cv_hardcode_libdir_separator=
acl_cv_hardcode_minus_L=no
acl_cv_libext=a
acl_cv_path_LD=/usr/bin/ld
acl_cv_prog_gnu_ld=yes
acl_cv_rpath=done
acl_cv_shlibext=so
acl_cv_sys_lib_dlsearch_path_spec='/lib /usr/lib'
acl_cv_sys_lib_search_path_spec='/lib /usr/lib /usr/local/lib'
acl_cv_wl=-Wl,
am_cv_CC_dependencies_compiler_type=gcc3
am_cv_python_platform=linux2
am_cv_python_pyexecdir='${exec_prefix}/lib/python2.5/site-packages'
am_cv_python_pythondir='${prefix}/lib/python2.5/site-packages'
am_cv_python_version=2.5
gt_cv_func_gnugettext1_libc=yes
lt_cv_deplibs_check_method=pass_all
lt_cv_file_magic_cmd='$MAGIC_CMD'
lt_cv_file_magic_test_file=
lt_cv_ld_reload_flag=-r
lt_cv_objdir=.libs
lt_cv_path_LD=/usr/bin/ld
lt_cv_path_NM='/usr/bin/nm -B'
lt_cv_path_SED=/bin/sed
lt_cv_prog_compiler_c_o=yes
lt_cv_prog_compiler_pic_works=yes
lt_cv_prog_compiler_rtti_exceptions=no
lt_cv_prog_compiler_static_works=yes
lt_cv_prog_gnu_ld=yes
lt_cv_sys_global_symbol_pipe='sed -n -e '\''s/^.*[ 	]\([ABCDGIRSTW][ABCDGIRSTW]*\)[ 	][ 	]*\([_A-Za-z][_A-Za-z0-9]*\)$/\1 \2 \2/p'\'''
lt_cv_sys_global_symbol_to_c_name_address='sed -n -e '\''s/^: \([^ ]*\) $/  {\"\1\", (lt_ptr) 0},/p'\'' -e '\''s/^[BCDEGRST] \([^ ]*\) \([^ ]*\)$/  {"\2", (lt_ptr) \&\2},/p'\'''
lt_cv_sys_global_symbol_to_cdecl='sed -n -e '\''s/^. .* \(.*\)$/extern int \1;/p'\'''
lt_cv_sys_lib_dlsearch_path_spec='/lib /usr/lib /lib/i486-linux-gnu /usr/lib/i486-linux-gnu /usr/lib/alsa-lib /usr/local/lib '
lt_cv_sys_lib_search_path_spec='/usr/lib/gcc/i486-linux-gnu/4.3.3 /usr/lib /lib'
lt_cv_sys_max_cmd_len=1572864
lt_lt_cv_prog_compiler_c_o='"yes"'
lt_lt_cv_sys_global_symbol_pipe='"sed -n -e '\''s/^.*[ 	]\\([ABCDGIRSTW][ABCDGIRSTW]*\\)[ 	][ 	]*\\([_A-Za-z][_A-Za-z0-9]*\\)\$/\\1 \\2 \\2/p'\''"'
lt_lt_cv_sys_global_symbol_to_c_name_address='"sed -n -e '\''s/^: \\([^ ]*\\) \$/  {\\\"\\1\\\", (lt_ptr) 0},/p'\'' -e '\''s/^[BCDEGRST] \\([^ ]*\\) \\([^ ]*\\)\$/  {\"\\2\", (lt_ptr) \\&\\2},/p'\''"'
lt_lt_cv_sys_global_symbol_to_cdecl='"sed -n -e '\''s/^. .* \\(.*\\)\$/extern int \\1;/p'\''"'
pkg_cv_GTK_CFLAGS='-D_REENTRANT -I/usr/include/gtk-2.0 -I/usr/lib/gtk-2.0/include -I/usr/include/atk-1.0 -I/usr/include/cairo -I/usr/include/pango-1.0 -I/usr/include/pixman-1 -I/usr/include/freetype2 -I/usr/include/directfb -I/usr/include/libpng12 -I/usr/include/glib-2.0 -I/usr/lib/glib-2.0/include  '
pkg_cv_GTK_LIBS='-lgtk-x11-2.0 -lgdk-x11-2.0 -latk-1.0 -lpangoft2-1.0 -lgdk_pixbuf-2.0 -lm -lpangocairo-1.0 -lgio-2.0 -lcairo -lpango-1.0 -lfreetype -lfontconfig -lgobject-2.0 -lgmodule-2.0 -lglib-2.0  '
pkg_cv_PYGTK_CFLAGS='-I/usr/include/pygtk-2.0 -I/usr/include/glib-2.0 -I/usr/lib/glib-2.0/include  '
pkg_cv_PYGTK_LIBS='-lgobject-2.0 -lglib-2.0  '

## ----------------- ##
## Output variables. ##
## ----------------- ##

ACLOCAL='${SHELL} /home/kristof/flumotion-0.5.4/missing --run aclocal-1.10'
ACLOCAL_AMFLAGS='-I m4 -I common'
AMDEPBACKSLASH='\'
AMDEP_FALSE='#'
AMDEP_TRUE=''
AMTAR='${SHELL} /home/kristof/flumotion-0.5.4/missing --run tar'
AR='ar'
AUTOCONF='${SHELL} /home/kristof/flumotion-0.5.4/missing --run autoconf'
AUTOHEADER='${SHELL} /home/kristof/flumotion-0.5.4/missing --run autoheader'
AUTOMAKE='${SHELL} /home/kristof/flumotion-0.5.4/missing --run automake-1.10'
AWK='gawk'
BINDIR='/usr/local/bin'
BUILD_DOCS_FALSE=''
BUILD_DOCS_TRUE='#'
BUILD_TRAYICON_FALSE='#'
BUILD_TRAYICON_TRUE=''
CC='gcc'
CCDEPMODE='depmode=gcc3'
CFLAGS='-g -O2'
CORTADO_PREFIX=''
CPP='gcc -E'
CPPFLAGS=''
CYGPATH_W='echo'
DATADIR='/usr/local/share'
DEFS='-DPACKAGE_NAME=\"flumotion\" -DPACKAGE_TARNAME=\"flumotion\" -DPACKAGE_VERSION=\"0.5.4\" -DPACKAGE_STRING=\"flumotion\ 0.5.4\" -DPACKAGE_BUGREPORT=\"\" -DPACKAGE=\"flumotion\" -DVERSION=\"0.5.4\" -DFLUMOTION=\"0.5.4\" -DFLUMOTION_RELEASE=\"1\" -DPACKAGE=\"flumotion\" -DVERSION=\"0.5.4\" -DENABLE_NLS=1 -DHAVE_GETTEXT=1 -DHAVE_DCGETTEXT=1 -DSTDC_HEADERS=1 -DHAVE_SYS_TYPES_H=1 -DHAVE_SYS_STAT_H=1 -DHAVE_STDLIB_H=1 -DHAVE_STRING_H=1 -DHAVE_MEMORY_H=1 -DHAVE_STRINGS_H=1 -DHAVE_INTTYPES_H=1 -DHAVE_STDINT_H=1 -DHAVE_UNISTD_H=1 -DHAVE_DLFCN_H=1'
DEPDIR='.deps'
DSYMUTIL=''
ECHO='echo'
ECHO_C=''
ECHO_N='-n'
ECHO_T=''
EGREP='/bin/grep -E'
EPYDOC='no'
EXEEXT=''
FLUMOTION='0.5.4'
FLUMOTION_MAJOR='0'
FLUMOTION_MICRO='4'
FLUMOTION_MINOR='5'
FLUMOTION_NANO='0'
FLUMOTION_RELEASE='1'
GETTEXT_PACKAGE='flumotion'
GMSGFMT='/usr/bin/msgfmt'
GREP='/bin/grep'
GST_010_REQ='0.10.0.1'
GTK_CFLAGS='-D_REENTRANT -I/usr/include/gtk-2.0 -I/usr/lib/gtk-2.0/include -I/usr/include/atk-1.0 -I/usr/include/cairo -I/usr/include/pango-1.0 -I/usr/include/pixman-1 -I/usr/include/freetype2 -I/usr/include/directfb -I/usr/include/libpng12 -I/usr/include/glib-2.0 -I/usr/lib/glib-2.0/include  '
GTK_LIBS='-lgtk-x11-2.0 -lgdk-x11-2.0 -latk-1.0 -lpangoft2-1.0 -lgdk_pixbuf-2.0 -lm -lpangocairo-1.0 -lgio-2.0 -lcairo -lpango-1.0 -lfreetype -lfontconfig -lgobject-2.0 -lgmodule-2.0 -lglib-2.0  '
HAVE_EPYDOC_FALSE=''
HAVE_EPYDOC_TRUE='#'
HAVE_PYCHECKER_FALSE=''
HAVE_PYCHECKER_TRUE='#'
INSTALL_DATA='${INSTALL} -m 644'
INSTALL_PROGRAM='${INSTALL}'
INSTALL_SCRIPT='${INSTALL}'
INSTALL_STRIP_PROGRAM='$(install_sh) -c -s'
INTLLIBS=''
INTLTOOL_CAVES_RULE='%.caves:     %.caves.in     $(INTLTOOL_MERGE) $(wildcard $(top_srcdir)/po/*.po) ; LC_ALL=C $(INTLTOOL_MERGE) -d -u -c $(top_builddir)/po/.intltool-merge-cache $(top_srcdir)/po $< $@'
INTLTOOL_DESKTOP_RULE='%.desktop:   %.desktop.in   $(INTLTOOL_MERGE) $(wildcard $(top_srcdir)/po/*.po) ; LC_ALL=C $(INTLTOOL_MERGE) -d -u -c $(top_builddir)/po/.intltool-merge-cache $(top_srcdir)/po $< $@'
INTLTOOL_DIRECTORY_RULE='%.directory: %.directory.in $(INTLTOOL_MERGE) $(wildcard $(top_srcdir)/po/*.po) ; LC_ALL=C $(INTLTOOL_MERGE) -d -u -c $(top_builddir)/po/.intltool-merge-cache $(top_srcdir)/po $< $@'
INTLTOOL_EXTRACT='$(top_builddir)/intltool-extract'
INTLTOOL_ICONV='/usr/bin/iconv'
INTLTOOL_KBD_RULE='%.kbd:       %.kbd.in       $(INTLTOOL_MERGE) $(wildcard $(top_srcdir)/po/*.po) ; LC_ALL=C $(INTLTOOL_MERGE) -x -u -m -c $(top_builddir)/po/.intltool-merge-cache $(top_srcdir)/po $< $@'
INTLTOOL_KEYS_RULE='%.keys:      %.keys.in      $(INTLTOOL_MERGE) $(wildcard $(top_srcdir)/po/*.po) ; LC_ALL=C $(INTLTOOL_MERGE) -k -u -c $(top_builddir)/po/.intltool-merge-cache $(top_srcdir)/po $< $@'
INTLTOOL_MERGE='$(top_builddir)/intltool-merge'
INTLTOOL_MSGFMT='/usr/bin/msgfmt'
INTLTOOL_MSGMERGE='/usr/bin/msgmerge'
INTLTOOL_OAF_RULE='%.oaf:       %.oaf.in       $(INTLTOOL_MERGE) $(wildcard $(top_srcdir)/po/*.po) ; LC_ALL=C $(INTLTOOL_MERGE) -o -p $(top_srcdir)/po $< $@'
INTLTOOL_PERL='/usr/bin/perl'
INTLTOOL_PONG_RULE='%.pong:      %.pong.in      $(INTLTOOL_MERGE) $(wildcard $(top_srcdir)/po/*.po) ; LC_ALL=C $(INTLTOOL_MERGE) -x -u -c $(top_builddir)/po/.intltool-merge-cache $(top_srcdir)/po $< $@'
INTLTOOL_PROP_RULE='%.prop:      %.prop.in      $(INTLTOOL_MERGE) $(wildcard $(top_srcdir)/po/*.po) ; LC_ALL=C $(INTLTOOL_MERGE) -d -u -c $(top_builddir)/po/.intltool-merge-cache $(top_srcdir)/po $< $@'
INTLTOOL_SCHEMAS_RULE='%.schemas:   %.schemas.in   $(INTLTOOL_MERGE) $(wildcard $(top_srcdir)/po/*.po) ; LC_ALL=C $(INTLTOOL_MERGE) -s -u -c $(top_builddir)/po/.intltool-merge-cache $(top_srcdir)/po $< $@'
INTLTOOL_SERVER_RULE='%.server:    %.server.in    $(INTLTOOL_MERGE) $(wildcard $(top_srcdir)/po/*.po) ; LC_ALL=C $(INTLTOOL_MERGE) -o -u -c $(top_builddir)/po/.intltool-merge-cache $(top_srcdir)/po $< $@'
INTLTOOL_SERVICE_RULE='%.service: %.service.in   $(INTLTOOL_MERGE) $(wildcard $(top_srcdir)/po/*.po) ; LC_ALL=C $(INTLTOOL_MERGE) -d -u -c $(top_builddir)/po/.intltool-merge-cache $(top_srcdir)/po $< $@'
INTLTOOL_SHEET_RULE='%.sheet:     %.sheet.in     $(INTLTOOL_MERGE) $(wildcard $(top_srcdir)/po/*.po) ; LC_ALL=C $(INTLTOOL_MERGE) -x -u -c $(top_builddir)/po/.intltool-merge-cache $(top_srcdir)/po $< $@'
INTLTOOL_SOUNDLIST_RULE='%.soundlist: %.soundlist.in $(INTLTOOL_MERGE) $(wildcard $(top_srcdir)/po/*.po) ; LC_ALL=C $(INTLTOOL_MERGE) -d -u -c $(top_builddir)/po/.intltool-merge-cache $(top_srcdir)/po $< $@'
INTLTOOL_THEME_RULE='%.theme:     %.theme.in     $(INTLTOOL_MERGE) $(wildcard $(top_srcdir)/po/*.po) ; LC_ALL=C $(INTLTOOL_MERGE) -d -u -c $(top_builddir)/po/.intltool-merge-cache $(top_srcdir)/po $< $@'
INTLTOOL_UI_RULE='%.ui:        %.ui.in        $(INTLTOOL_MERGE) $(wildcard $(top_srcdir)/po/*.po) ; LC_ALL=C $(INTLTOOL_MERGE) -x -u -c $(top_builddir)/po/.intltool-merge-cache $(top_srcdir)/po $< $@'
INTLTOOL_UPDATE='$(top_builddir)/intltool-update'
INTLTOOL_XAM_RULE='%.xam:       %.xml.in       $(INTLTOOL_MERGE) $(wildcard $(top_srcdir)/po/*.po) ; LC_ALL=C $(INTLTOOL_MERGE) -x -u -c $(top_builddir)/po/.intltool-merge-cache $(top_srcdir)/po $< $@'
INTLTOOL_XGETTEXT='/usr/bin/xgettext'
INTLTOOL_XML_NOMERGE_RULE='%.xml:       %.xml.in       $(INTLTOOL_MERGE) ; LC_ALL=C $(INTLTOOL_MERGE) -x -u /tmp $< $@'
INTLTOOL_XML_RULE='%.xml:       %.xml.in       $(INTLTOOL_MERGE) $(wildcard $(top_srcdir)/po/*.po) ; LC_ALL=C $(INTLTOOL_MERGE) -x -u -c $(top_builddir)/po/.intltool-merge-cache $(top_srcdir)/po $< $@'
LDFLAGS=''
LIBDIR='/usr/local/lib'
LIBICONV='-liconv'
LIBINTL=''
LIBOBJS=''
LIBS=''
LIBTOOL='$(SHELL) $(top_builddir)/libtool'
LN_S='ln -s'
LOCALSTATEDIR='/usr/local/var'
LTLIBICONV='-liconv'
LTLIBINTL=''
LTLIBOBJS=''
MAKEINFO='${SHELL} /home/kristof/flumotion-0.5.4/missing --run makeinfo'
MKDIR_P='/bin/mkdir -p'
MKINSTALLDIRS='./mkinstalldirs'
MSGFMT='/usr/bin/msgfmt'
MSGMERGE='/usr/bin/msgmerge'
NMEDIT=''
OBJEXT='o'
PACKAGE='flumotion'
PACKAGE_BUGREPORT=''
PACKAGE_NAME='flumotion'
PACKAGE_STRING='flumotion 0.5.4'
PACKAGE_TARNAME='flumotion'
PACKAGE_VERSION='0.5.4'
PATH_SEPARATOR=':'
PKG_CONFIG='/usr/bin/pkg-config'
POSUB='po'
PYCHECKER='no'
PYGST_010_REQ='0.10.0'
PYGTK_010_REQ='2.8.4'
PYGTK_CFLAGS='-I/usr/include/pygtk-2.0 -I/usr/include/glib-2.0 -I/usr/lib/glib-2.0/include  '
PYGTK_CODEGEN='/usr/bin/python /usr/share/pygobject/2.0/codegen/codegen.py'
PYGTK_DEFSDIR='/usr/share/pygtk/2.0/defs'
PYGTK_LIBS='-lgobject-2.0 -lglib-2.0  '
PYTHON='/usr/bin/python'
PYTHON_EXEC_PREFIX='${exec_prefix}'
PYTHON_INCLUDES='-I/usr/include/python2.5'
PYTHON_PLATFORM='linux2'
PYTHON_PREFIX='${prefix}'
PYTHON_VERSION='2.5'
RANLIB='ranlib'
RELEASE='1'
SBINDIR='/usr/local/sbin'
SED='/bin/sed'
SET_MAKE=''
SHELL='/bin/bash'
STRIP='strip'
SYSCONFDIR='/usr/local/etc'
USE_NLS='yes'
VERSION='0.5.4'
XGETTEXT='/usr/bin/xgettext'
XVFB='no'
ac_ct_CC='gcc'
am__fastdepCC_FALSE='#'
am__fastdepCC_TRUE=''
am__include='include'
am__isrc=''
am__leading_dot='.'
am__quote=''
am__tar='${AMTAR} chof - "$$tardir"'
am__untar='${AMTAR} xf -'
bindir='${exec_prefix}/bin'
build='i686-pc-linux-gnu'
build_alias=''
build_cpu='i686'
build_os='linux-gnu'
build_vendor='pc'
datadir='${datarootdir}'
datarootdir='${prefix}/share'
docdir='${datarootdir}/doc/${PACKAGE_TARNAME}'
dvidir='${docdir}'
exec_prefix='${prefix}'
host='i686-pc-linux-gnu'
host_alias=''
host_cpu='i686'
host_os='linux-gnu'
host_vendor='pc'
htmldir='${docdir}'
includedir='${prefix}/include'
infodir='${datarootdir}/info'
install_sh='$(SHELL) /home/kristof/flumotion-0.5.4/install-sh'
libdir='${exec_prefix}/lib'
libexecdir='${exec_prefix}/libexec'
localedir='${datarootdir}/locale'
localstatedir='${prefix}/var'
mandir='${datarootdir}/man'
mkdir_p='/bin/mkdir -p'
oldincludedir='/usr/include'
pdfdir='${docdir}'
pkgpyexecdir='${pyexecdir}/flumotion'
pkgpythondir='${pythondir}/flumotion'
prefix='/usr/local'
program_transform_name='s,x,x,'
psdir='${docdir}'
pyexecdir='${exec_prefix}/lib/python2.5/site-packages'
pythondir='${prefix}/lib/python2.5/site-packages'
sbindir='${exec_prefix}/sbin'
sharedstatedir='${prefix}/com'
sysconfdir='${prefix}/etc'
target_alias=''

## ------------------- ##
## File substitutions. ##
## ------------------- ##

AUTHORS='./AUTHORS'

## ----------- ##
## confdefs.h. ##
## ----------- ##

#define PACKAGE_NAME "flumotion"
#define PACKAGE_TARNAME "flumotion"
#define PACKAGE_VERSION "0.5.4"
#define PACKAGE_STRING "flumotion 0.5.4"
#define PACKAGE_BUGREPORT ""
#define PACKAGE "flumotion"
#define VERSION "0.5.4"
#define FLUMOTION "0.5.4"
#define FLUMOTION_RELEASE "1"
#define PACKAGE "flumotion"
#define VERSION "0.5.4"
#define ENABLE_NLS 1
#define HAVE_GETTEXT 1
#define HAVE_DCGETTEXT 1
#define STDC_HEADERS 1
#define HAVE_SYS_TYPES_H 1
#define HAVE_SYS_STAT_H 1
#define HAVE_STDLIB_H 1
#define HAVE_STRING_H 1
#define HAVE_MEMORY_H 1
#define HAVE_STRINGS_H 1
#define HAVE_INTTYPES_H 1
#define HAVE_STDINT_H 1
#define HAVE_UNISTD_H 1
#define HAVE_DLFCN_H 1

configure: exit 0

## ---------------------- ##
## Running config.status. ##
## ---------------------- ##

This file was extended by flumotion config.status 0.5.4, which was
generated by GNU Autoconf 2.63.  Invocation command line was

  CONFIG_FILES    = 
  CONFIG_HEADERS  = 
  CONFIG_LINKS    = 
  CONFIG_COMMANDS = 
  $ ./config.status bin/flumotion-admin

on kristof-laptopwork

config.status:961: creating bin/flumotion-admin

## ---------------------- ##
## Running config.status. ##
## ---------------------- ##

This file was extended by flumotion config.status 0.5.4, which was
generated by GNU Autoconf 2.63.  Invocation command line was

  CONFIG_FILES    = 
  CONFIG_HEADERS  = 
  CONFIG_LINKS    = 
  CONFIG_COMMANDS = 
  $ ./config.status bin/flumotion-admin-text

on kristof-laptopwork

config.status:961: creating bin/flumotion-admin-text

## ---------------------- ##
## Running config.status. ##
## ---------------------- ##

This file was extended by flumotion config.status 0.5.4, which was
generated by GNU Autoconf 2.63.  Invocation command line was

  CONFIG_FILES    = 
  CONFIG_HEADERS  = 
  CONFIG_LINKS    = 
  CONFIG_COMMANDS = 
  $ ./config.status bin/flumotion-command

on kristof-laptopwork

config.status:961: creating bin/flumotion-command

## ---------------------- ##
## Running config.status. ##
## ---------------------- ##

This file was extended by flumotion config.status 0.5.4, which was
generated by GNU Autoconf 2.63.  Invocation command line was

  CONFIG_FILES    = 
  CONFIG_HEADERS  = 
  CONFIG_LINKS    = 
  CONFIG_COMMANDS = 
  $ ./config.status bin/flumotion-inspect

on kristof-laptopwork

config.status:961: creating bin/flumotion-inspect

## ---------------------- ##
## Running config.status. ##
## ---------------------- ##

This file was extended by flumotion config.status 0.5.4, which was
generated by GNU Autoconf 2.63.  Invocation command line was

  CONFIG_FILES    = 
  CONFIG_HEADERS  = 
  CONFIG_LINKS    = 
  CONFIG_COMMANDS = 
  $ ./config.status bin/flumotion-job

on kristof-laptopwork

config.status:961: creating bin/flumotion-job

## ---------------------- ##
## Running config.status. ##
## ---------------------- ##

This file was extended by flumotion config.status 0.5.4, which was
generated by GNU Autoconf 2.63.  Invocation command line was

  CONFIG_FILES    = 
  CONFIG_HEADERS  = 
  CONFIG_LINKS    = 
  CONFIG_COMMANDS = 
  $ ./config.status bin/flumotion-launch

on kristof-laptopwork

config.status:961: creating bin/flumotion-launch

## ---------------------- ##
## Running config.status. ##
## ---------------------- ##

This file was extended by flumotion config.status 0.5.4, which was
generated by GNU Autoconf 2.63.  Invocation command line was

  CONFIG_FILES    = 
  CONFIG_HEADERS  = 
  CONFIG_LINKS    = 
  CONFIG_COMMANDS = 
  $ ./config.status bin/flumotion-manager

on kristof-laptopwork

config.status:961: creating bin/flumotion-manager

## ---------------------- ##
## Running config.status. ##
## ---------------------- ##

This file was extended by flumotion config.status 0.5.4, which was
generated by GNU Autoconf 2.63.  Invocation command line was

  CONFIG_FILES    = 
  CONFIG_HEADERS  = 
  CONFIG_LINKS    = 
  CONFIG_COMMANDS = 
  $ ./config.status bin/flumotion-nagios

on kristof-laptopwork

config.status:961: creating bin/flumotion-nagios

## ---------------------- ##
## Running config.status. ##
## ---------------------- ##

This file was extended by flumotion config.status 0.5.4, which was
generated by GNU Autoconf 2.63.  Invocation command line was

  CONFIG_FILES    = 
  CONFIG_HEADERS  = 
  CONFIG_LINKS    = 
  CONFIG_COMMANDS = 
  $ ./config.status bin/flumotion-rrdmon

on kristof-laptopwork

config.status:961: creating bin/flumotion-rrdmon

## ---------------------- ##
## Running config.status. ##
## ---------------------- ##

This file was extended by flumotion config.status 0.5.4, which was
generated by GNU Autoconf 2.63.  Invocation command line was

  CONFIG_FILES    = 
  CONFIG_HEADERS  = 
  CONFIG_LINKS    = 
  CONFIG_COMMANDS = 
  $ ./config.status bin/flumotion-tester

on kristof-laptopwork

config.status:961: creating bin/flumotion-tester

## ---------------------- ##
## Running config.status. ##
## ---------------------- ##

This file was extended by flumotion config.status 0.5.4, which was
generated by GNU Autoconf 2.63.  Invocation command line was

  CONFIG_FILES    = 
  CONFIG_HEADERS  = 
  CONFIG_LINKS    = 
  CONFIG_COMMANDS = 
  $ ./config.status bin/flumotion-worker

on kristof-laptopwork

config.status:961: creating bin/flumotion-worker

## ---------------------- ##
## Running config.status. ##
## ---------------------- ##

This file was extended by flumotion config.status 0.5.4, which was
generated by GNU Autoconf 2.63.  Invocation command line was

  CONFIG_FILES    = 
  CONFIG_HEADERS  = 
  CONFIG_LINKS    = 
  CONFIG_COMMANDS = 
  $ ./config.status bin/flumotion

on kristof-laptopwork

config.status:961: creating bin/flumotion
